<?xml version="1.0" encoding="UTF-8"?>
<!-- Generated by org.testng.reporters.JUnitReportReporter -->
<testsuite hostname="DESKTOP-OL7ELR1" failures="0" tests="1" name="parameteriztionIntestNg.subtract" time="0.002" errors="0" timestamp="30 Nov 2022 10:40:34 GMT" skipped="0">
  <testcase classname="parameteriztionIntestNg.subtract" name="sum" time="0.002"/>
</testsuite> <!-- parameteriztionIntestNg.subtract -->
