<?xml version="1.0" encoding="UTF-8"?>
<!-- Generated by org.testng.reporters.JUnitReportReporter -->
<testsuite hostname="DESKTOP-OL7ELR1" failures="0" tests="1" name="parameteriztionIntestNg.multiplication" time="0.003" errors="0" timestamp="30 Nov 2022 10:40:34 GMT" skipped="0">
  <testcase classname="parameteriztionIntestNg.multiplication" name="sum" time="0.003"/>
</testsuite> <!-- parameteriztionIntestNg.multiplication -->
