<?xml version="1.0" encoding="UTF-8"?>
<!-- Generated by org.testng.reporters.JUnitReportReporter -->
<testsuite hostname="DESKTOP-OL7ELR1" failures="0" tests="1" name="parameteriztionIntestNg.Sum" time="0.010" errors="0" timestamp="30 Nov 2022 10:36:10 GMT" skipped="0">
  <testcase classname="parameteriztionIntestNg.Sum" name="sum" time="0.010"/>
</testsuite> <!-- parameteriztionIntestNg.Sum -->
