<?xml version="1.0" encoding="UTF-8"?>
<!-- Generated by org.testng.reporters.JUnitReportReporter -->
<testsuite hostname="DESKTOP-OL7ELR1" failures="0" tests="1" name="grouping_testNg_methods.HomeLoan" time="0.002" errors="0" timestamp="30 Nov 2022 09:40:42 GMT" skipped="0">
  <testcase classname="grouping_testNg_methods.HomeLoan" name="apiHomeLoanLogin" time="0.002"/>
</testsuite> <!-- grouping_testNg_methods.HomeLoan -->
