<?xml version="1.0" encoding="UTF-8"?>
<!-- Generated by org.testng.reporters.JUnitReportReporter -->
<testsuite hostname="DESKTOP-OL7ELR1" failures="0" tests="2" name="include_exclude_regex.Module2" time="0.010" errors="0" timestamp="30 Nov 2022 09:27:56 GMT" skipped="0">
  <testcase classname="include_exclude_regex.Module2" name="webCarLoanLogin" time="0.009"/>
  <testcase classname="include_exclude_regex.Module2" name="webHomeLoanLogin" time="0.001"/>
</testsuite> <!-- include_exclude_regex.Module2 -->
