<?xml version="1.0" encoding="UTF-8"?>
<!-- Generated by org.testng.reporters.JUnitReportReporter -->
<testsuite hostname="DESKTOP-OL7ELR1" failures="0" tests="2" name="com.testNG_Practice.test.Module3" time="0.012" errors="0" timestamp="30 Nov 2022 09:10:23 GMT" skipped="0">
  <testcase classname="com.testNG_Practice.test.Module3" name="m3" time="0.010"/>
  <testcase classname="com.testNG_Practice.test.Module3" name="m4" time="0.002"/>
</testsuite> <!-- com.testNG_Practice.test.Module3 -->
