<?xml version="1.0" encoding="UTF-8"?>
<!-- Generated by org.testng.reporters.JUnitReportReporter -->
<testsuite hostname="DESKTOP-OL7ELR1" failures="0" tests="2" name="com.testNG_Practice.test.Module2" time="0.004" errors="0" timestamp="30 Nov 2022 08:51:57 GMT" skipped="0">
  <testcase classname="com.testNG_Practice.test.Module2" name="m1" time="0.003"/>
  <testcase classname="com.testNG_Practice.test.Module2" name="m2" time="0.001"/>
</testsuite> <!-- com.testNG_Practice.test.Module2 -->
