<?xml version="1.0" encoding="UTF-8"?>
<!-- Generated by org.testng.reporters.JUnitReportReporter -->
<testsuite hostname="DESKTOP-OL7ELR1" failures="0" tests="2" name="com.testNG_Practice.test.Module2" time="0.003" errors="0" timestamp="30 Nov 2022 09:05:46 GMT" skipped="1">
  <testcase classname="com.testNG_Practice.test.Module2" name="APICarLoan" time="0.003"/>
  <testcase classname="com.testNG_Practice.test.Module2" name="WebCarLoan">
    <skipped/>
  </testcase> <!-- WebCarLoan -->
</testsuite> <!-- com.testNG_Practice.test.Module2 -->
