<?xml version="1.0" encoding="UTF-8"?>
<!-- Generated by org.testng.reporters.JUnitReportReporter -->
<testsuite hostname="DESKTOP-OL7ELR1" failures="0" tests="2" name="include_exclude_regex.Module1" time="0.012" errors="0" timestamp="30 Nov 2022 09:25:45 GMT" skipped="0">
  <testcase classname="include_exclude_regex.Module1" name="mobileHomeLoanLogin" time="0.001"/>
  <testcase classname="include_exclude_regex.Module1" name="mobileCarLoanLogin" time="0.011"/>
</testsuite> <!-- include_exclude_regex.Module1 -->
