<?xml version="1.0" encoding="UTF-8"?>
<!-- Generated by org.testng.reporters.JUnitReportReporter -->
<testsuite hostname="DESKTOP-OL7ELR1" failures="0" tests="1" name="com.testNG_Practice.test.Module1" time="0.021" errors="0" timestamp="30 Nov 2022 09:05:46 GMT" skipped="0">
  <testcase classname="com.testNG_Practice.test.Module1" name="m1" time="0.021"/>
</testsuite> <!-- com.testNG_Practice.test.Module1 -->
