<?xml version="1.0" encoding="UTF-8"?>
<!-- Generated by org.testng.reporters.JUnitReportReporter -->
<testsuite hostname="DESKTOP-OL7ELR1" failures="0" tests="1" name="grouping_testNg_methods.CarLoan" time="0.010" errors="0" timestamp="30 Nov 2022 09:40:42 GMT" skipped="0">
  <testcase classname="grouping_testNg_methods.CarLoan" name="mobileCarLoanLogin" time="0.010"/>
</testsuite> <!-- grouping_testNg_methods.CarLoan -->
